<?xml version="1.0" encoding="UTF-8"?>
<!-- Generated by org.testng.reporters.JUnitReportReporter -->
<testsuite hostname="SSSLT025" failures="0" tests="20" name="allPages.Schedulers" time="250.218" errors="0" timestamp="2024-03-29T15:27:19 IST" skipped="0">
  <testcase classname="allPages.Schedulers" name="NoPaymentBtn" time="8.711"/>
  <testcase classname="allPages.Schedulers" name="ACHSchedulerBtn" time="8.811"/>
  <testcase classname="allPages.Schedulers" name="TC07" time="11.680"/>
  <testcase classname="allPages.Schedulers" name="TC16" time="13.652"/>
  <testcase classname="allPages.Schedulers" name="TC05" time="16.022"/>
  <testcase classname="allPages.Schedulers" name="TC14" time="13.223"/>
  <testcase classname="allPages.Schedulers" name="TC08" time="11.617"/>
  <testcase classname="allPages.Schedulers" name="TC13" time="11.259"/>
  <testcase classname="allPages.Schedulers" name="TC17" time="9.111"/>
  <testcase classname="allPages.Schedulers" name="TC11" time="9.916"/>
  <testcase classname="allPages.Schedulers" name="TC04" time="18.130"/>
  <testcase classname="allPages.Schedulers" name="TC15" time="10.954"/>
  <testcase classname="allPages.Schedulers" name="TC01" time="13.520"/>
  <testcase classname="allPages.Schedulers" name="TC03" time="18.504"/>
  <testcase classname="allPages.Schedulers" name="TC12" time="9.301"/>
  <testcase classname="allPages.Schedulers" name="TC18" time="10.872"/>
  <testcase classname="allPages.Schedulers" name="TC10" time="10.274"/>
  <testcase classname="allPages.Schedulers" name="TC06" time="17.222"/>
  <testcase classname="allPages.Schedulers" name="TC02" time="17.633"/>
  <testcase classname="allPages.Schedulers" name="TC09" time="9.806"/>
</testsuite> <!-- allPages.Schedulers -->
