<?xml version="1.0" encoding="UTF-8"?>
<!-- Generated by org.testng.reporters.JUnitReportReporter -->
<testsuite hostname="SSSLT025" failures="0" tests="2" name="allPages.ViewUser" time="15.953" errors="0" timestamp="2024-04-10T17:52:26 IST" skipped="1">
  <testcase classname="allPages.ViewUser" name="TC35" time="15.953"/>
  <testcase classname="allPages.ViewUser" name="TC23">
    <skipped/>
  </testcase> <!-- TC23 -->
</testsuite> <!-- allPages.ViewUser -->
