<?xml version="1.0" encoding="UTF-8"?>
<!-- Generated by org.testng.reporters.JUnitReportReporter -->
<testsuite hostname="SSSLT025" failures="0" tests="1" name="allPages.InstallerSetup" time="10.709" errors="0" timestamp="2024-03-29T10:40:05 IST" skipped="0">
  <testcase classname="allPages.InstallerSetup" name="TC03" time="10.709"/>
</testsuite> <!-- allPages.InstallerSetup -->
