<?xml version="1.0" encoding="UTF-8"?>
<!-- Generated by org.testng.reporters.JUnitReportReporter -->
<testsuite hostname="SSSLT025" failures="0" tests="1" name="allPages.AllReportModules" time="8.398" errors="0" timestamp="2024-03-29T14:22:52 IST" skipped="0">
  <testcase classname="allPages.AllReportModules" name="setUp" time="8.398"/>
</testsuite> <!-- allPages.AllReportModules -->
