<?xml version="1.0" encoding="UTF-8"?>
<!-- Generated by org.testng.reporters.JUnitReportReporter -->
<testsuite hostname="SSSLT025" failures="0" tests="3" name="allPages.Tickets" time="129.238" errors="0" timestamp="2024-03-29T15:23:02 IST" skipped="0">
  <testcase classname="allPages.Tickets" name="TC03" time="40.847"/>
  <testcase classname="allPages.Tickets" name="TC08" time="47.408"/>
  <testcase classname="allPages.Tickets" name="TC10" time="40.983"/>
</testsuite> <!-- allPages.Tickets -->
