<?xml version="1.0" encoding="UTF-8"?>
<!-- Generated by org.testng.reporters.JUnitReportReporter -->
<testsuite hostname="SSSLT025" failures="0" tests="2" name="allPages.Login" time="20.185" errors="0" timestamp="2024-04-10T18:21:46 IST" skipped="1">
  <testcase classname="allPages.Login" name="Login_T11" time="20.185"/>
  <testcase classname="allPages.Login" name="Login_TC8">
    <skipped/>
  </testcase> <!-- Login_TC8 -->
</testsuite> <!-- allPages.Login -->
