<?xml version="1.0" encoding="UTF-8"?>
<!-- Generated by org.testng.reporters.JUnitReportReporter -->
<testsuite hostname="SSSLT025" failures="0" tests="1" name="allPages.CustomerGroup" time="40.777" errors="0" timestamp="2024-03-29T11:26:17 IST" skipped="0">
  <testcase classname="allPages.CustomerGroup" name="TC05" time="40.777"/>
</testsuite> <!-- allPages.CustomerGroup -->
