<?xml version="1.0" encoding="UTF-8"?>
<!-- Generated by org.testng.reporters.JUnitReportReporter -->
<testsuite hostname="SSSLT025" failures="0" tests="1" name="allPages.InvoicePayAndCreate" time="23.375" errors="0" timestamp="2024-03-29T15:08:08 IST" skipped="0">
  <testcase classname="allPages.InvoicePayAndCreate" name="TC48" time="23.375"/>
</testsuite> <!-- allPages.InvoicePayAndCreate -->
