<?xml version="1.0" encoding="UTF-8"?>
<!-- Generated by org.testng.reporters.JUnitReportReporter -->
<testsuite hostname="SSSLT025" failures="0" tests="1" name="allPages.CustomerACHUpload" time="11.709" errors="0" timestamp="2024-03-29T12:25:43 IST" skipped="0">
  <testcase classname="allPages.CustomerACHUpload" name="TC04" time="11.709"/>
</testsuite> <!-- allPages.CustomerACHUpload -->
